#-----------------------------------------------------------
# Vivado v2016.4 (64-bit)
# SW Build 1756540 on Mon Jan 23 19:11:23 MST 2017
# IP Build 1755317 on Mon Jan 23 20:30:07 MST 2017
# Start of session at: Tue May 30 23:59:31 2023
# Process ID: 9296
# Current directory: C:/Users/hp/snake
# Command line: vivado.exe -gui_launcher_event rodinguilauncherevent9108 C:\Users\hp\snake\snake.xpr
# Log file: C:/Users/hp/snake/vivado.log
# Journal file: C:/Users/hp/snake\vivado.jou
#-----------------------------------------------------------
start_gui
open_project C:/Users/hp/snake/snake.xpr
Scanning sources...
Finished scanning sources
INFO: [IP_Flow 19-234] Refreshing IP repositories
INFO: [IP_Flow 19-1704] No user IP repositories specified
INFO: [IP_Flow 19-2313] Loaded Vivado IP repository 'C:/Xilinx/Vivado/2016.4/data/ip'.
remove_files  -fileset sim_1 C:/Users/hp/snake/snake.srcs/sim_1/new/simulation.vhd
file delete -force C:/Users/hp/snake/snake.srcs/sim_1/new/simulation.vhd
remove_files  C:/Users/hp/snake/snake.srcs/sources_1/bd/design_1/design_1.bd
file delete -force C:/Users/hp/snake/snake.srcs/sources_1/bd/design_1
exit
INFO: [Common 17-206] Exiting Vivado at Wed May 31 00:00:34 2023...
